<?xml version="1.0" encoding="UTF-8"?>
<testng-results skipped="0" failed="0" ignored="0" total="1" passed="1">
  <reporter-output>
  </reporter-output>
  <suite name="Default suite" duration-ms="15649" started-at="2019-07-08T14:47:35Z" finished-at="2019-07-08T14:47:51Z">
    <groups>
    </groups>
    <test name="Default test" duration-ms="15649" started-at="2019-07-08T14:47:35Z" finished-at="2019-07-08T14:47:51Z">
      <class name="com.training.sanity.tests.UNF_039">
        <test-method status="PASS" signature="setUpBeforeClass()[pri:0, instance:com.training.sanity.tests.UNF_039@68c4039c]" name="setUpBeforeClass" is-config="true" duration-ms="12" started-at="2019-07-08T14:47:35Z" finished-at="2019-07-08T14:47:35Z">
          <reporter-output>
          </reporter-output>
        </test-method> <!-- setUpBeforeClass -->
        <test-method status="PASS" signature="setUp()[pri:0, instance:com.training.sanity.tests.UNF_039@68c4039c]" name="setUp" is-config="true" duration-ms="4463" started-at="2019-07-08T14:47:35Z" finished-at="2019-07-08T14:47:40Z">
          <reporter-output>
          </reporter-output>
        </test-method> <!-- setUp -->
        <test-method status="PASS" signature="validLoginTest()[pri:0, instance:com.training.sanity.tests.UNF_039@68c4039c]" name="validLoginTest" duration-ms="4287" started-at="2019-07-08T14:47:40Z" finished-at="2019-07-08T14:47:44Z">
          <reporter-output>
          </reporter-output>
        </test-method> <!-- validLoginTest -->
        <test-method status="PASS" signature="tearDown()[pri:0, instance:com.training.sanity.tests.UNF_039@68c4039c]" name="tearDown" is-config="true" duration-ms="6864" started-at="2019-07-08T14:47:44Z" finished-at="2019-07-08T14:47:51Z">
          <reporter-output>
          </reporter-output>
        </test-method> <!-- tearDown -->
      </class> <!-- com.training.sanity.tests.UNF_039 -->
    </test> <!-- Default test -->
  </suite> <!-- Default suite -->
</testng-results>
